#doctest.3-say_my_name.py



	>>> say_my_name = __import__('3-say_my_name').say_my_name

	Test without any error:
	>>> say_my_name(Bob, Marley)
	Traceback (most recent call last):
	NameError: name 'Bob' is not defined

	Test
	>>> say_my_name(10, Dupont)
	Traceback (most recent call last):
	NameError: name 'Dupont' is not defined
